<?xml version="1.0" encoding="UTF-8"?>
<testsuite xmlns:xsi="http://www.w3.org/2001/XMLSchema-instance" xsi:noNamespaceSchemaLocation="https://maven.apache.org/surefire/maven-surefire-plugin/xsd/surefire-test-report.xsd" version="3.0.2" name="com.msa.shop_orders.ShopOrdersApplicationTests" time="16.408" tests="1" errors="0" skipped="0" failures="0" flakes="0">
  <properties>
[...]
</properties>
  <testcase name="contextLoads" classname="com.msa.shop_orders.ShopOrdersApplicationTests" time="0.35">
    <system-out><![CDATA[Standard Commons Logging discovery in action with spring-jcl: please remove commons-logging.jar from classpath in order to avoid potential conflicts
13:22:00.175 [main] INFO org.springframework.test.context.support.AnnotationConfigContextLoaderUtils -- Could not detect default configuration classes for test class [com.msa.shop_orders.ShopOrdersApplicationTests]: ShopOrdersApplicationTests does not declare any static, non-private, non-final, nested classes annotated with @Configuration.
13:22:00.282 [main] INFO org.springframework.boot.test.context.SpringBootTestContextBootstrapper -- Found @SpringBootConfiguration com.msa.shop_orders.ShopOrdersApplication for test class com.msa.shop_orders.ShopOrdersApplicationTests

  .   ____          _            __ _ _
 /\\ / ___'_ __ _ _(_)_ __  __ _ \ \ \ \
( ( )\___ | '_ | '_| | '_ \/ _` | \ \ \ \
 \\/  ___)| |_)| | | | | || (_| |  ) ) ) )
  '  |____| .__|_| |_|_| |_\__, | / / / /
 =========|_|==============|___/=/_/_/_/

 :: Spring Boot ::               (v3.5.13)

2026-06-18T13:22:00.809+05:30  INFO 80694 --- [shop_orders] [           main] c.m.s.ShopOrdersApplicationTests         : Starting ShopOrdersApplicationTests using Java 25.0.2 with PID 80694 (started by rajnishsingh in /private/tmp/so_fix)
2026-06-18T13:22:00.810+05:30  INFO 80694 --- [shop_orders] [           main] c.m.s.ShopOrdersApplicationTests         : No active profile set, falling back to 1 default profile: "default"
2026-06-18T13:22:01.459+05:30  INFO 80694 --- [shop_orders] [           main] .s.d.r.c.RepositoryConfigurationDelegate : Multiple Spring Data modules found, entering strict repository configuration mode
2026-06-18T13:22:01.459+05:30  INFO 80694 --- [shop_orders] [           main] .s.d.r.c.RepositoryConfigurationDelegate : Bootstrapping Spring Data JPA repositories in DEFAULT mode.
2026-06-18T13:22:01.558+05:30  INFO 80694 --- [shop_orders] [           main] .s.d.r.c.RepositoryConfigurationDelegate : Finished Spring Data repository scanning in 92 ms. Found 12 JPA repository interfaces.
2026-06-18T13:22:01.559+05:30  INFO 80694 --- [shop_orders] [           main] .s.d.r.c.RepositoryConfigurationDelegate : Multiple Spring Data modules found, entering strict repository configuration mode
2026-06-18T13:22:01.559+05:30  INFO 80694 --- [shop_orders] [           main] .s.d.r.c.RepositoryConfigurationDelegate : Bootstrapping Spring Data MongoDB repositories in DEFAULT mode.
2026-06-18T13:22:01.572+05:30  INFO 80694 --- [shop_orders] [           main] .s.d.r.c.RepositoryConfigurationDelegate : Finished Spring Data repository scanning in 12 ms. Found 11 MongoDB repository interfaces.
2026-06-18T13:22:01.999+05:30  INFO 80694 --- [shop_orders] [           main] o.s.cloud.context.scope.GenericScope     : BeanFactory id=66af0d2a-9f3e-391b-aa77-bc5516bc0bdf
2026-06-18T13:22:02.254+05:30  INFO 80694 --- [shop_orders] [           main] o.hibernate.jpa.internal.util.LogHelper  : HHH000204: Processing PersistenceUnitInfo [name: default]
2026-06-18T13:22:02.293+05:30  INFO 80694 --- [shop_orders] [           main] org.hibernate.Version                    : HHH000412: Hibernate ORM core version 6.6.45.Final
2026-06-18T13:22:02.315+05:30  INFO 80694 --- [shop_orders] [           main] o.h.c.internal.RegionFactoryInitiator    : HHH000026: Second-level cache disabled
2026-06-18T13:22:02.518+05:30  INFO 80694 --- [shop_orders] [           main] o.s.o.j.p.SpringPersistenceUnitInfo      : No LoadTimeWeaver setup: ignoring JPA class transformer
2026-06-18T13:22:02.537+05:30  INFO 80694 --- [shop_orders] [           main] com.zaxxer.hikari.HikariDataSource       : HikariPool-1 - Starting...
2026-06-18T13:22:05.568+05:30  INFO 80694 --- [shop_orders] [           main] com.zaxxer.hikari.pool.HikariPool        : HikariPool-1 - Added connection com.mysql.cj.jdbc.ConnectionImpl@72641613
2026-06-18T13:22:05.577+05:30  INFO 80694 --- [shop_orders] [           main] com.zaxxer.hikari.HikariDataSource       : HikariPool-1 - Start completed.
2026-06-18T13:22:06.301+05:30  WARN 80694 --- [shop_orders] [           main] org.hibernate.orm.deprecation            : HHH90000025: MySQLDialect does not need to be specified explicitly using 'hibernate.dialect' (remove the property setting and it will be selected by default)
2026-06-18T13:22:06.319+05:30  INFO 80694 --- [shop_orders] [           main] org.hibernate.orm.connections.pooling    : HHH10001005: Database info:
	Database JDBC URL [Connecting through datasource 'HikariDataSource (HikariPool-1)']
	Database driver: undefined/unknown
	Database version: 8.4.8
	Autocommit mode: undefined/unknown
	Isolation level: undefined/unknown
	Minimum pool size: undefined/unknown
	Maximum pool size: undefined/unknown
2026-06-18T13:22:07.814+05:30  INFO 80694 --- [shop_orders] [           main] o.h.e.t.j.p.i.JtaPlatformInitiator       : HHH000489: No JTA platform available (set 'hibernate.transaction.jta.platform' to enable JTA platform integration)
2026-06-18T13:22:07.817+05:30  INFO 80694 --- [shop_orders] [           main] j.LocalContainerEntityManagerFactoryBean : Initialized JPA EntityManagerFactory for persistence unit 'default'
2026-06-18T13:22:08.069+05:30  INFO 80694 --- [shop_orders] [           main] org.mongodb.driver.client                : MongoClient with metadata {"application": {"name": "multisuperapp"}, "driver": {"name": "mongo-java-driver|sync|spring-boot", "version": "5.5.2"}, "os": {"type": "Darwin", "name": "Mac OS X", "architecture": "aarch64", "version": "26.5"}, "platform": "Java/Homebrew/25.0.2"} created with settings MongoClientSettings{readPreference=primary, writeConcern=WriteConcern{w=majority, wTimeout=null ms, journal=null}, retryWrites=true, retryReads=true, readConcern=ReadConcern{level=null}, credential=MongoCredential{mechanism=null, userName='multisuperapp', source='admin', password=<hidden>, mechanismProperties=<hidden>}, transportSettings=null, commandListeners=[io.micrometer.core.instrument.binder.mongodb.MongoMetricsCommandListener@56a8b19f], codecRegistry=ProvidersCodecRegistry{codecProviders=[ValueCodecProvider{}, BsonValueCodecProvider{}, DBRefCodecProvider{}, DBObjectCodecProvider{}, DocumentCodecProvider{}, CollectionCodecProvider{}, IterableCodecProvider{}, MapCodecProvider{}, GeoJsonCodecProvider{}, GridFSFileCodecProvider{}, Jsr310CodecProvider{}, JsonObjectCodecProvider{}, BsonCodecProvider{}, EnumCodecProvider{}, com.mongodb.client.model.mql.ExpressionCodecProvider@6ed2aa8a, com.mongodb.Jep395RecordCodecProvider@53ec379a, com.mongodb.KotlinCodecProvider@5f6dd89c]}, loggerSettings=LoggerSettings{maxDocumentLength=1000}, clusterSettings={hosts=[127.0.0.1:27017], srvHost=multisuperapp.1obsrnw.mongodb.net, srvServiceName=mongodb, mode=MULTIPLE, requiredClusterType=REPLICA_SET, requiredReplicaSetName='atlas-d7uq83-shard-0', serverSelector='null', clusterListeners='[]', serverSelectionTimeout='30000 ms', localThreshold='15 ms'}, socketSettings=SocketSettings{connectTimeoutMS=10000, readTimeoutMS=0, receiveBufferSize=0, proxySettings=ProxySettings{host=null, port=null, username=null, password=null}}, heartbeatSocketSettings=SocketSettings{connectTimeoutMS=10000, readTimeoutMS=10000, receiveBufferSize=0, proxySettings=ProxySettings{host=null, port=null, username=null, password=null}}, connectionPoolSettings=ConnectionPoolSettings{maxSize=100, minSize=0, maxWaitTimeMS=120000, maxConnectionLifeTimeMS=0, maxConnectionIdleTimeMS=0, maintenanceInitialDelayMS=0, maintenanceFrequencyMS=60000, connectionPoolListeners=[io.micrometer.core.instrument.binder.mongodb.MongoMetricsConnectionPoolListener@5e78dd7f], maxConnecting=2}, serverSettings=ServerSettings{heartbeatFrequencyMS=10000, minHeartbeatFrequencyMS=500, serverMonitoringMode=AUTO, serverListeners='[]', serverMonitorListeners='[]'}, sslSettings=SslSettings{enabled=true, invalidHostNameAllowed=false, context=null}, applicationName='multisuperapp', compressorList=[], uuidRepresentation=JAVA_LEGACY, serverApi=null, autoEncryptionSettings=null, dnsClient=null, inetAddressResolver=null, contextProvider=null, timeoutMS=null}
2026-06-18T13:22:08.077+05:30  INFO 80694 --- [shop_orders] [rnw.mongodb.net] org.mongodb.driver.cluster               : Adding discovered server ac-kgitajm-shard-00-02.1obsrnw.mongodb.net:27017 to client view of cluster
2026-06-18T13:22:08.102+05:30  INFO 80694 --- [shop_orders] [rnw.mongodb.net] org.mongodb.driver.cluster               : Adding discovered server ac-kgitajm-shard-00-00.1obsrnw.mongodb.net:27017 to client view of cluster
2026-06-18T13:22:08.104+05:30  INFO 80694 --- [shop_orders] [rnw.mongodb.net] org.mongodb.driver.cluster               : Adding discovered server ac-kgitajm-shard-00-01.1obsrnw.mongodb.net:27017 to client view of cluster
2026-06-18T13:22:09.025+05:30  INFO 80694 --- [shop_orders] [           main] org.mongodb.driver.cluster               : Waiting for server to become available for operation with ID 5. Remaining time: 29995 ms. Selector: WritableServerSelector, topology description: {type=REPLICA_SET, servers=[{address=ac-kgitajm-shard-00-02.1obsrnw.mongodb.net:27017, type=UNKNOWN, state=CONNECTING}, {address=ac-kgitajm-shard-00-00.1obsrnw.mongodb.net:27017, type=UNKNOWN, state=CONNECTING}, {address=ac-kgitajm-shard-00-01.1obsrnw.mongodb.net:27017, type=UNKNOWN, state=CONNECTING}].
2026-06-18T13:22:09.146+05:30  INFO 80694 --- [shop_orders] [ngodb.net:27017] org.mongodb.driver.cluster               : Monitor thread successfully connected to server with description ServerDescription{address=ac-kgitajm-shard-00-00.1obsrnw.mongodb.net:27017, type=REPLICA_SET_SECONDARY, cryptd=false, state=CONNECTED, ok=true, minWireVersion=0, maxWireVersion=25, maxDocumentSize=16777216, logicalSessionTimeoutMinutes=30, roundTripTimeNanos=705559875, minRoundTripTimeNanos=0, setName='atlas-d7uq83-shard-0', canonicalAddress=ac-kgitajm-shard-00-00.1obsrnw.mongodb.net:27017, hosts=[ac-kgitajm-shard-00-02.1obsrnw.mongodb.net:27017, ac-kgitajm-shard-00-01.1obsrnw.mongodb.net:27017, ac-kgitajm-shard-00-00.1obsrnw.mongodb.net:27017], passives=[], arbiters=[], primary='ac-kgitajm-shard-00-02.1obsrnw.mongodb.net:27017', tagSet=TagSet{[Tag{name='availabilityZone', value='use1-az4'}, Tag{name='cacheState', value='READY'}, Tag{name='diskState', value='READY'}, Tag{name='nodeType', value='ELECTABLE'}, Tag{name='provider', value='AWS'}, Tag{name='region', value='US_EAST_1'}, Tag{name='workloadType', value='OPERATIONAL'}]}, electionId=null, setVersion=266, topologyVersion=TopologyVersion{processId=6a31ada8a0f4634ce795da95, counter=4}, lastWriteDate=Thu Jun 18 13:22:09 IST 2026, lastUpdateTimeNanos=883863731054541}
2026-06-18T13:22:09.161+05:30  INFO 80694 --- [shop_orders] [ngodb.net:27017] org.mongodb.driver.cluster               : Monitor thread successfully connected to server with description ServerDescription{address=ac-kgitajm-shard-00-01.1obsrnw.mongodb.net:27017, type=REPLICA_SET_SECONDARY, cryptd=false, state=CONNECTED, ok=true, minWireVersion=0, maxWireVersion=25, maxDocumentSize=16777216, logicalSessionTimeoutMinutes=30, roundTripTimeNanos=713440583, minRoundTripTimeNanos=0, setName='atlas-d7uq83-shard-0', canonicalAddress=ac-kgitajm-shard-00-01.1obsrnw.mongodb.net:27017, hosts=[ac-kgitajm-shard-00-02.1obsrnw.mongodb.net:27017, ac-kgitajm-shard-00-01.1obsrnw.mongodb.net:27017, ac-kgitajm-shard-00-00.1obsrnw.mongodb.net:27017], passives=[], arbiters=[], primary='ac-kgitajm-shard-00-02.1obsrnw.mongodb.net:27017', tagSet=TagSet{[Tag{name='availabilityZone', value='use1-az6'}, Tag{name='cacheState', value='READY'}, Tag{name='diskState', value='READY'}, Tag{name='nodeType', value='ELECTABLE'}, Tag{name='provider', value='AWS'}, Tag{name='region', value='US_EAST_1'}, Tag{name='workloadType', value='OPERATIONAL'}]}, electionId=null, setVersion=266, topologyVersion=TopologyVersion{processId=6a31b247cda3790edc1f886b, counter=3}, lastWriteDate=Thu Jun 18 13:22:09 IST 2026, lastUpdateTimeNanos=883863749180541}
2026-06-18T13:22:09.161+05:30  INFO 80694 --- [shop_orders] [ngodb.net:27017] org.mongodb.driver.cluster               : Monitor thread successfully connected to server with description ServerDescription{address=ac-kgitajm-shard-00-02.1obsrnw.mongodb.net:27017, type=REPLICA_SET_PRIMARY, cryptd=false, state=CONNECTED, ok=true, minWireVersion=0, maxWireVersion=25, maxDocumentSize=16777216, logicalSessionTimeoutMinutes=30, roundTripTimeNanos=708905875, minRoundTripTimeNanos=0, setName='atlas-d7uq83-shard-0', canonicalAddress=ac-kgitajm-shard-00-02.1obsrnw.mongodb.net:27017, hosts=[ac-kgitajm-shard-00-02.1obsrnw.mongodb.net:27017, ac-kgitajm-shard-00-01.1obsrnw.mongodb.net:27017, ac-kgitajm-shard-00-00.1obsrnw.mongodb.net:27017], passives=[], arbiters=[], primary='ac-kgitajm-shard-00-02.1obsrnw.mongodb.net:27017', tagSet=TagSet{[Tag{name='availabilityZone', value='use1-az1'}, Tag{name='cacheState', value='READY'}, Tag{name='diskState', value='READY'}, Tag{name='nodeType', value='ELECTABLE'}, Tag{name='provider', value='AWS'}, Tag{name='region', value='US_EAST_1'}, Tag{name='workloadType', value='OPERATIONAL'}]}, electionId=7fffffff000000000000023f, setVersion=266, topologyVersion=TopologyVersion{processId=6a31afa4385059e6cf5d97ce, counter=6}, lastWriteDate=Thu Jun 18 13:22:09 IST 2026, lastUpdateTimeNanos=883863748982625}
2026-06-18T13:22:09.167+05:30  INFO 80694 --- [shop_orders] [ngodb.net:27017] org.mongodb.driver.cluster               : Discovered replica set primary ac-kgitajm-shard-00-02.1obsrnw.mongodb.net:27017 with max election id 7fffffff000000000000023f and max set version 266
2026-06-18T13:22:11.695+05:30  INFO 80694 --- [shop_orders] [           main] o.s.d.j.r.query.QueryEnhancerFactory     : Hibernate is in classpath; If applicable, HQL parser will be used.
2026-06-18T13:22:13.827+05:30  WARN 80694 --- [shop_orders] [           main] JpaBaseConfiguration$JpaWebConfiguration : spring.jpa.open-in-view is enabled by default. Therefore, database queries may be performed during view rendering. Explicitly configure spring.jpa.open-in-view to disable this warning
2026-06-18T13:22:15.408+05:30  INFO 80694 --- [shop_orders] [           main] o.s.b.a.e.web.EndpointLinksResolver      : Exposing 2 endpoints beneath base path '/actuator'
2026-06-18T13:22:16.029+05:30  INFO 80694 --- [shop_orders] [           main] c.m.s.ShopOrdersApplicationTests         : Started ShopOrdersApplicationTests in 15.464 seconds (process running for 16.533)
]]></system-out>
    <system-err><![CDATA[Mockito is currently self-attaching to enable the inline-mock-maker. This will no longer work in future releases of the JDK. Please add Mockito as an agent to your build as described in Mockito's documentation: https://javadoc.io/doc/org.mockito/mockito-core/latest/org.mockito/org/mockito/Mockito.html#0.3
WARNING: A Java agent has been loaded dynamically (/Users/rajnishsingh/.m2/repository/net/bytebuddy/byte-buddy-agent/1.17.8/byte-buddy-agent-1.17.8.jar)
WARNING: If a serviceability tool is in use, please run with -XX:+EnableDynamicAgentLoading to hide this warning
WARNING: If a serviceability tool is not in use, please run with -Djdk.instrument.traceUsage for more information
WARNING: Dynamic loading of agents will be disallowed by default in a future release
]]></system-err>
  </testcase>
</testsuite>